<?xml version="1.0" encoding="UTF-8"?>
<!-- Generated by org.testng.reporters.JUnitXMLReporter -->
<testsuite ignored="12" hostname="LAPTOP-DOBLN3AU" failures="0" tests="9" name="Project1" time="73.821" errors="0" timestamp="2024-01-17T11:25:50 IST">
  <testcase classname="com.ninjademo.qa.base.TestBase" name="@AfterTest teardown" time="25.149">
    <failure type="org.openqa.selenium.WebDriverException" message="Timed out waiting for driver server to stop.
Build info: version: &amp;apos;4.11.0&amp;apos;, revision: &amp;apos;040bc5406b&amp;apos;
System info: os.name: &amp;apos;Windows 11&amp;apos;, os.arch: &amp;apos;amd64&amp;apos;, os.version: &amp;apos;10.0&amp;apos;, java.version: &amp;apos;17.0.8.1&amp;apos;
Driver info: org.openqa.selenium.chrome.ChromeDriver
Command: [aab7c6fff9f943abcd1f4ed0f11cac5a, quit {}]
Capabilities {acceptInsecureCerts: false, browserName: chrome, browserVersion: 120.0.6099.217, chrome: {chromedriverVersion: 120.0.6099.109 (3419140ab66..., userDataDir: C:\Users\sonal\AppData\Loca...}, fedcm:accounts: true, goog:chromeOptions: {debuggerAddress: localhost:55283}, networkConnectionEnabled: false, pageLoadStrategy: normal, platformName: windows, proxy: Proxy(), se:cdp: ws://localhost:55283/devtoo..., se:cdpVersion: 120.0.6099.217, setWindowRect: true, strictFileInteractability: false, timeouts: {implicit: 0, pageLoad: 300000, script: 30000}, unhandledPromptBehavior: dismiss and notify, webauthn:extension:credBlob: true, webauthn:extension:largeBlob: true, webauthn:extension:minPinLength: true, webauthn:extension:prf: true, webauthn:virtualAuthenticators: true}
Session ID: aab7c6fff9f943abcd1f4ed0f11cac5a">
      <![CDATA[org.openqa.selenium.WebDriverException: Timed out waiting for driver server to stop.
Build info: version: '4.11.0', revision: '040bc5406b'
System info: os.name: 'Windows 11', os.arch: 'amd64', os.version: '10.0', java.version: '17.0.8.1'
Driver info: org.openqa.selenium.chrome.ChromeDriver
Command: [aab7c6fff9f943abcd1f4ed0f11cac5a, quit {}]
Capabilities {acceptInsecureCerts: false, browserName: chrome, browserVersion: 120.0.6099.217, chrome: {chromedriverVersion: 120.0.6099.109 (3419140ab66..., userDataDir: C:\Users\sonal\AppData\Loca...}, fedcm:accounts: true, goog:chromeOptions: {debuggerAddress: localhost:55283}, networkConnectionEnabled: false, pageLoadStrategy: normal, platformName: windows, proxy: Proxy(), se:cdp: ws://localhost:55283/devtoo..., se:cdpVersion: 120.0.6099.217, setWindowRect: true, strictFileInteractability: false, timeouts: {implicit: 0, pageLoad: 300000, script: 30000}, unhandledPromptBehavior: dismiss and notify, webauthn:extension:credBlob: true, webauthn:extension:largeBlob: true, webauthn:extension:minPinLength: true, webauthn:extension:prf: true, webauthn:virtualAuthenticators: true}
Session ID: aab7c6fff9f943abcd1f4ed0f11cac5a
at org.openqa.selenium.remote.service.DriverCommandExecutor.execute(DriverCommandExecutor.java:161)
at org.openqa.selenium.remote.RemoteWebDriver.execute(RemoteWebDriver.java:518)
at org.openqa.selenium.remote.RemoteWebDriver.execute(RemoteWebDriver.java:591)
at org.openqa.selenium.remote.RemoteWebDriver.execute(RemoteWebDriver.java:595)
at org.openqa.selenium.remote.RemoteWebDriver.quit(RemoteWebDriver.java:433)
at org.openqa.selenium.chromium.ChromiumDriver.quit(ChromiumDriver.java:351)
at com.ninjademo.qa.base.TestBase.teardown(TestBase.java:70)
Caused by: java.util.concurrent.ExecutionException: org.openqa.selenium.TimeoutException: Process timed out after waiting for 20000 ms.
Build info: version: '4.11.0', revision: '040bc5406b'
System info: os.name: 'Windows 11', os.arch: 'amd64', os.version: '10.0', java.version: '17.0.8.1'
Driver info: driver.version: unknown
at java.base/java.util.concurrent.CompletableFuture.reportGet(CompletableFuture.java:396)
at java.base/java.util.concurrent.CompletableFuture.get(CompletableFuture.java:2096)
at org.openqa.selenium.remote.service.DriverCommandExecutor.execute(DriverCommandExecutor.java:157)
... 30 more
Caused by: org.openqa.selenium.TimeoutException: Process timed out after waiting for 20000 ms.
Build info: version: '4.11.0', revision: '040bc5406b'
System info: os.name: 'Windows 11', os.arch: 'amd64', os.version: '10.0', java.version: '17.0.8.1'
Driver info: driver.version: unknown
at org.openqa.selenium.os.OsProcess.waitFor(OsProcess.java:183)
at org.openqa.selenium.os.CommandLine.waitFor(CommandLine.java:117)
at org.openqa.selenium.remote.service.DriverCommandExecutor.lambda$execute$2(DriverCommandExecutor.java:148)
at java.base/java.util.concurrent.CompletableFuture$AsyncSupply.run(CompletableFuture.java:1768)
at java.base/java.util.concurrent.ThreadPoolExecutor.runWorker(ThreadPoolExecutor.java:1136)
at java.base/java.util.concurrent.ThreadPoolExecutor$Worker.run(ThreadPoolExecutor.java:635)
at java.base/java.lang.Thread.run(Thread.java:833)
... Removed 24 stack frames]]>
    </failure>
  </testcase> <!-- @AfterTest teardown -->
  <testcase classname="com.ninjademo.qa.tests.TestHomePage" name="test_homepagegettitle" time="0.036"/>
  <testcase classname="com.ninjademo.qa.tests.TestHomePage" name="test_ClickonMyAccount" time="0.202"/>
  <testcase classname="com.ninjademo.qa.tests.TestHomePage" name="test_ClickonLogin" time="0.391"/>
  <testcase classname="com.ninjademo.qa.tests.TestHomePage" name="test_ClickonRegister" time="2.149"/>
  <testcase classname="com.ninjademo.qa.tests.TestHomePage" name="test_ClickonWishlist" time="0.729"/>
  <testcase classname="com.ninjademo.qa.tests.TestHomePage" name="test_ClickonShoppingcart" time="0.396"/>
  <testcase classname="com.ninjademo.qa.tests.TestLoginpage" name="test_login" time="3.272"/>
  <testcase classname="com.ninjademo.qa.tests.TestSearchPage" name="test_searchProduct" time="0.693"/>
  <testcase classname="com.ninjademo.qa.tests.TestProductPage" name="addproducttoCartTest" time="5.385"/>
  <testcase classname="com.ninjademo.qa.base.TestBase" name="@BeforeSuite InitializeExtentReport" time="0.0">
    <ignored/>
  </testcase> <!-- @BeforeSuite InitializeExtentReport -->
  <testcase classname="com.ninjademo.qa.base.TestBase" name="@BeforeTest getNameMethod" time="0.0">
    <ignored/>
  </testcase> <!-- @BeforeTest getNameMethod -->
  <testcase classname="com.ninjademo.qa.base.TestBase" name="@AfterTest teardown" time="0.0">
    <ignored/>
  </testcase> <!-- @AfterTest teardown -->
  <testcase classname="com.ninjademo.qa.base.TestBase" name="@AfterSuite generateReports" time="0.0">
    <ignored/>
  </testcase> <!-- @AfterSuite generateReports -->
  <testcase classname="com.ninjademo.qa.base.TestBase" name="@BeforeTest getNameMethod" time="0.0">
    <ignored/>
  </testcase> <!-- @BeforeTest getNameMethod -->
  <testcase classname="com.ninjademo.qa.base.TestBase" name="@AfterTest teardown" time="0.0">
    <ignored/>
  </testcase> <!-- @AfterTest teardown -->
  <testcase classname="com.ninjademo.qa.base.TestBase" name="@AfterSuite generateReports" time="0.0">
    <ignored/>
  </testcase> <!-- @AfterSuite generateReports -->
  <testcase classname="com.ninjademo.qa.base.TestBase" name="@AfterTest teardown" time="0.0">
    <ignored/>
  </testcase> <!-- @AfterTest teardown -->
  <testcase classname="com.ninjademo.qa.base.TestBase" name="@AfterSuite generateReports" time="0.0">
    <ignored/>
  </testcase> <!-- @AfterSuite generateReports -->
  <testcase classname="com.ninjademo.qa.base.TestBase" name="@BeforeSuite InitializeExtentReport" time="0.0">
    <ignored/>
  </testcase> <!-- @BeforeSuite InitializeExtentReport -->
  <testcase classname="com.ninjademo.qa.base.TestBase" name="@BeforeTest getNameMethod" time="0.0">
    <ignored/>
  </testcase> <!-- @BeforeTest getNameMethod -->
  <testcase classname="com.ninjademo.qa.base.TestBase" name="@BeforeSuite InitializeExtentReport" time="0.0">
    <ignored/>
  </testcase> <!-- @BeforeSuite InitializeExtentReport -->
</testsuite> <!-- Project1 -->
